<?xml version="1.0" encoding="UTF-8"?>
<testsuite xmlns:xsi="http://www.w3.org/2001/XMLSchema-instance" xsi:noNamespaceSchemaLocation="https://maven.apache.org/surefire/maven-surefire-plugin/xsd/surefire-test-report.xsd" version="3.0.2" name="com.vedruna.TFG_Workly.security.auth.controllers.AuthControllerTest" time="3.961" tests="3" errors="0" skipped="0" failures="0">
  <properties>
[...]
</properties>
  <testcase name="testLoginFailure" classname="com.vedruna.TFG_Workly.security.auth.controllers.AuthControllerTest" time="0.301">
    <system-out><![CDATA[12:12:57.184 [main] INFO org.springframework.test.context.support.AnnotationConfigContextLoaderUtils -- Could not detect default configuration classes for test class [com.vedruna.TFG_Workly.security.auth.controllers.AuthControllerTest]: AuthControllerTest does not declare any static, non-private, non-final, nested classes annotated with @Configuration.
12:12:57.343 [main] INFO org.springframework.boot.test.context.SpringBootTestContextBootstrapper -- Found @SpringBootConfiguration com.vedruna.TFG_Workly.TfgWorklyApplication for test class com.vedruna.TFG_Workly.security.auth.controllers.AuthControllerTest
12:12:57.424 [main] INFO org.springframework.boot.devtools.restart.RestartApplicationListener -- Restart disabled due to context in which it is running

  .   ____          _            __ _ _
 /\\ / ___'_ __ _ _(_)_ __  __ _ \ \ \ \
( ( )\___ | '_ | '_| | '_ \/ _` | \ \ \ \
 \\/  ___)| |_)| | | | | || (_| |  ) ) ) )
  '  |____| .__|_| |_|_| |_\__, | / / / /
 =========|_|==============|___/=/_/_/_/

 :: Spring Boot ::                (v3.4.4)

2025-06-04T12:12:57.717+02:00  INFO 11384 --- [           main] c.v.T.s.a.c.AuthControllerTest           : Starting AuthControllerTest using Java 21.0.1 with PID 11384 (started by Francisco in C:\Users\Francisco\Documents\SEGUNDO AÑO\TFG-Workly\BackEnd\TFG-Workly)
2025-06-04T12:12:57.718+02:00  INFO 11384 --- [           main] c.v.T.s.a.c.AuthControllerTest           : No active profile set, falling back to 1 default profile: "default"
2025-06-04T12:12:59.588+02:00  WARN 11384 --- [           main] .s.s.UserDetailsServiceAutoConfiguration : 

Using generated security password: f0586c57-4fdf-4e6b-89fb-321dba3fe63c

This generated password is for development use only. Your security configuration must be updated before running your application in production.

2025-06-04T12:13:00.308+02:00  INFO 11384 --- [           main] r$InitializeUserDetailsManagerConfigurer : Global AuthenticationManager configured with UserDetailsService bean with name inMemoryUserDetailsManager
2025-06-04T12:13:00.436+02:00 DEBUG 11384 --- [           main] o.s.s.web.DefaultSecurityFilterChain     : Will secure any request with filters: DisableEncodeUrlFilter, WebAsyncManagerIntegrationFilter, SecurityContextHolderFilter, HeaderWriterFilter, CsrfFilter, LogoutFilter, UsernamePasswordAuthenticationFilter, DefaultResourcesFilter, DefaultLoginPageGeneratingFilter, DefaultLogoutPageGeneratingFilter, BasicAuthenticationFilter, RequestCacheAwareFilter, SecurityContextHolderAwareRequestFilter, AnonymousAuthenticationFilter, ExceptionTranslationFilter, AuthorizationFilter
2025-06-04T12:13:00.523+02:00  INFO 11384 --- [           main] o.s.b.t.m.w.SpringBootMockServletContext : Initializing Spring TestDispatcherServlet ''
2025-06-04T12:13:00.523+02:00  INFO 11384 --- [           main] o.s.t.web.servlet.TestDispatcherServlet  : Initializing Servlet ''
2025-06-04T12:13:00.526+02:00  INFO 11384 --- [           main] o.s.t.web.servlet.TestDispatcherServlet  : Completed initialization in 2 ms
2025-06-04T12:13:00.579+02:00  INFO 11384 --- [           main] c.v.T.s.a.c.AuthControllerTest           : Started AuthControllerTest in 3.163 seconds (process running for 4.082)
]]></system-out>
    <system-err><![CDATA[Mockito is currently self-attaching to enable the inline-mock-maker. This will no longer work in future releases of the JDK. Please add Mockito as an agent to your build what is described in Mockito's documentation: https://javadoc.io/doc/org.mockito/mockito-core/latest/org/mockito/Mockito.html#0.3
WARNING: A Java agent has been loaded dynamically (C:\Users\Francisco\.m2\repository\net\bytebuddy\byte-buddy-agent\1.15.11\byte-buddy-agent-1.15.11.jar)
WARNING: If a serviceability tool is in use, please run with -XX:+EnableDynamicAgentLoading to hide this warning
WARNING: If a serviceability tool is not in use, please run with -Djdk.instrument.traceUsage for more information
WARNING: Dynamic loading of agents will be disallowed by default in a future release
]]></system-err>
  </testcase>
  <testcase name="testRegisterUserSuccessfully" classname="com.vedruna.TFG_Workly.security.auth.controllers.AuthControllerTest" time="0.069"/>
  <testcase name="testLoginSuccessfully" classname="com.vedruna.TFG_Workly.security.auth.controllers.AuthControllerTest" time="0.022"/>
</testsuite>